Arguments: 
  C:\Program Files\nodejs\node.exe C:\Program Files (x86)\Yarn\bin\yarn.js add webpack webpack-cli webpack-dev-server

PATH: 
  C:\Program Files (x86)\Common Files\Oracle\Java\javapath;C:\Program Files (x86)\NVIDIA Corporation\PhysX\Common;C:\ProgramData\Oracle\Java\javapath;C:\Windows\system32;C:\Windows;C:\Windows\System32\Wbem;C:\Windows\System32\WindowsPowerShell\v1.0\;C:\Program Files (x86)\ATI Technologies\ATI.ACE\Core-Static;C:\Program Files (x86)\AMD\ATI.ACE\Core-Static;C:\Program Files\Git\cmd;C:\xampp\php;C:\composer;C:\Program Files (x86)\Yarn\bin\;C:\Program Files\PuTTY\;C:\HashiCorp\Vagrant\bin;C:\Program Files\nodejs\;C:\Users\YouNext\AppData\Local\Microsoft\WindowsApps;C:\xampp\php;C:\Users\YouNext\AppData\Roaming\Composer\vendor\bin;C:\Users\YouNext\AppData\Local\Programs\Microsoft VS Code\bin;C:\Users\YouNext\AppData\Local\Yarn\bin;C:\Users\YouNext\AppData\Roaming\npm

Yarn version: 
  1.12.3

Node version: 
  11.10.1

Platform: 
  win32 x64

Trace: 
  SyntaxError: C:\javascript\webpacktemplate\package.json: Unexpected token } in JSON at position 95
      at JSON.parse (<anonymous>)
      at C:\Program Files (x86)\Yarn\lib\cli.js:1631:59
      at Generator.next (<anonymous>)
      at step (C:\Program Files (x86)\Yarn\lib\cli.js:304:30)
      at C:\Program Files (x86)\Yarn\lib\cli.js:315:13

npm manifest: 
  {
    "name": "webpacktemplate",
    "version": "1.0.0",
    "main": "index.js",
    "license": "MIT",
  }

yarn manifest: 
  No manifest

Lockfile: 
  No lockfile
